2025-03-01 08:35:58,372 [WARN] CheckConnectionManager:291 - Warning during Server Connection :  timeout Connect to sw-center.st.com:443 [sw-center.st.com/59.103.129.42, sw-center.st.com/59.103.129.17] failed: Connect timed out
2025-03-01 08:36:00,548 [WARN] CheckConnectionManager:291 - Warning during Server Connection :  timeout Connect to sw-center.st.com:443 [sw-center.st.com/59.103.129.42, sw-center.st.com/59.103.129.17] failed: Connect timed out
2025-03-01 08:36:00,552 [INFO] MainUpdater:2872 - connection check result : 22
2025-03-01 08:37:32,204 [WARN] CheckConnectionManager:291 - Warning during Server Connection :  timeout Connect to sw-center.st.com:443 [sw-center.st.com/59.103.92.232, sw-center.st.com/59.103.92.208] failed: Connect timed out
2025-03-01 08:37:34,215 [WARN] CheckConnectionManager:291 - Warning during Server Connection :  timeout Connect to sw-center.st.com:443 [sw-center.st.com/59.103.92.232, sw-center.st.com/59.103.92.208] failed: Connect timed out
2025-03-01 08:37:34,218 [INFO] MainUpdater:2872 - connection check result : 22
2025-03-01 08:37:36,455 [INFO] McuFinderGlobals:76 - Set McuFinderConnectedMode to false
2025-03-01 08:37:36,472 [INFO] MultiScanPanel:200 - Auto-refresh data requested => check proxy status ongoing
2025-03-01 08:37:36,472 [INFO] MultiScanPanel:204 - Proxy status is invalid
2025-03-01 08:37:36,473 [INFO] FinderPluginLoader:95 - Searching for filters in installed packs
2025-03-01 08:37:43,342 [INFO] DetailPanel:341 - Set advertising image to C:/Users/yunusyosaf/STM32Cube/Repository/\en.prom-stm32n6-mcu-finder.png
2025-03-01 08:38:21,442 [WARN] CheckConnectionManager:291 - Warning during Server Connection :  timeout Connect to sw-center.st.com:443 [sw-center.st.com/59.103.92.232, sw-center.st.com/59.103.92.208] failed: Connect timed out
2025-03-01 08:38:23,461 [WARN] CheckConnectionManager:291 - Warning during Server Connection :  timeout Connect to sw-center.st.com:443 [sw-center.st.com/59.103.92.232, sw-center.st.com/59.103.92.208] failed: Connect timed out
2025-03-01 08:38:23,466 [INFO] MainUpdater:2872 - connection check result : 22
2025-03-01 08:38:25,491 [WARN] CheckConnectionManager:291 - Warning during Server Connection :  timeout Connect to sw-center.st.com:443 [sw-center.st.com/59.103.92.232, sw-center.st.com/59.103.92.208] failed: Connect timed out
2025-03-01 08:38:27,515 [WARN] CheckConnectionManager:291 - Warning during Server Connection :  timeout Connect to sw-center.st.com:443 [sw-center.st.com/59.103.92.232, sw-center.st.com/59.103.92.208] failed: Connect timed out
2025-03-01 08:38:27,530 [INFO] MainUpdater:2872 - connection check result : 22
2025-03-01 08:40:54,292 [WARN] CheckConnectionManager:291 - Warning during Server Connection :  timeout Connect to sw-center.st.com:443 [sw-center.st.com/59.103.129.17, sw-center.st.com/59.103.129.42] failed: Connect timed out
2025-03-01 08:40:56,321 [WARN] CheckConnectionManager:291 - Warning during Server Connection :  timeout Connect to sw-center.st.com:443 [sw-center.st.com/59.103.129.17, sw-center.st.com/59.103.129.42] failed: Connect timed out
2025-03-01 08:40:56,337 [INFO] MainUpdater:2872 - connection check result : 22
2025-03-01 08:40:58,599 [INFO] MicroXplorer:468 - Change Database Path : 
2025-03-01 08:40:58,600 [INFO] MicroXplorer:498 - Change Database Version : DB.6.0.130
2025-03-01 08:40:58,834 [ERROR] ProjectManagerView:394 - 
java.lang.NullPointerException: Cannot invoke "javax.swing.JTextField.getText()" because the return value of "java.util.List.get(int)" is null
	at com.st.microxplorer.plugins.projectmanager.gui.ProjectChoiceTab$9.caretUpdate(ProjectChoiceTab.java:2616) ~[filemanager.jar:?]
	at javax.swing.text.JTextComponent.fireCaretUpdate(JTextComponent.java:408) ~[?:?]
	at javax.swing.text.JTextComponent$MutableCaretEvent.fire(JTextComponent.java:4484) ~[?:?]
	at javax.swing.text.JTextComponent$MutableCaretEvent.stateChanged(JTextComponent.java:4506) ~[?:?]
	at javax.swing.text.DefaultCaret.fireStateChanged(DefaultCaret.java:857) ~[?:?]
	at javax.swing.text.DefaultCaret.changeCaretPosition(DefaultCaret.java:1343) ~[?:?]
	at javax.swing.text.DefaultCaret.handleSetDot(DefaultCaret.java:1242) ~[?:?]
	at javax.swing.text.DefaultCaret.setDot(DefaultCaret.java:1223) ~[?:?]
	at javax.swing.text.DefaultCaret$Handler.insertUpdate(DefaultCaret.java:1819) ~[?:?]
	at javax.swing.text.AbstractDocument.fireInsertUpdate(AbstractDocument.java:227) ~[?:?]
	at javax.swing.text.AbstractDocument.handleInsertString(AbstractDocument.java:781) ~[?:?]
	at javax.swing.text.AbstractDocument.insertString(AbstractDocument.java:740) ~[?:?]
	at javax.swing.text.PlainDocument.insertString(PlainDocument.java:131) ~[?:?]
	at javax.swing.text.AbstractDocument.replace(AbstractDocument.java:699) ~[?:?]
	at javax.swing.text.JTextComponent.setText(JTextComponent.java:1725) ~[?:?]
	at com.st.microxplorer.plugins.projectmanager.gui.ProjectChoiceTab.createHeapStackFields(ProjectChoiceTab.java:975) ~[filemanager.jar:?]
	at com.st.microxplorer.plugins.projectmanager.gui.ProjectChoiceTab.buildLinkSettingsPanel(ProjectChoiceTab.java:3666) ~[filemanager.jar:?]
	at com.st.microxplorer.plugins.projectmanager.gui.ProjectChoiceTab.defineWindowsFields(ProjectChoiceTab.java:1934) ~[filemanager.jar:?]
	at com.st.microxplorer.plugins.projectmanager.gui.ProjectChoiceTab.updateSettings(ProjectChoiceTab.java:553) ~[filemanager.jar:?]
	at com.st.microxplorer.plugins.projectmanager.gui.ProjectSettingsPanel.UpdateDialog(ProjectSettingsPanel.java:245) ~[filemanager.jar:?]
	at com.st.microxplorer.plugins.projectmanager.ProjectManagerView.propertyChange(ProjectManagerView.java:391) ~[filemanager.jar:?]
	at java.beans.PropertyChangeSupport.fire(PropertyChangeSupport.java:343) ~[?:?]
	at java.beans.PropertyChangeSupport.firePropertyChange(PropertyChangeSupport.java:335) ~[?:?]
	at java.beans.PropertyChangeSupport.firePropertyChange(PropertyChangeSupport.java:268) ~[?:?]
	at com.st.microxplorer.util.MXPropertyChangeSupport.firePropertyChange(MXPropertyChangeSupport.java:54) ~[STM32CubeMX.jar:?]
	at com.st.microxplorer.mxsystem.MxSystem.closeConfig(MxSystem.java:899) ~[STM32CubeMX.jar:?]
	at com.st.microxplorer.maingui.MainPanel.closeConfig(MainPanel.java:789) ~[STM32CubeMX.jar:?]
	at com.st.microxplorer.plugins.filemanager.engine.OpenFileManager.loadConfigurationFile(OpenFileManager.java:265) ~[filemanager.jar:?]
	at com.st.microxplorer.plugins.filemanager.engine.MainFileManager.userLoadConfig(MainFileManager.java:340) ~[filemanager.jar:?]
	at com.st.microxplorer.plugins.filemanager.engine.MainFileManager.userLoadConfig(MainFileManager.java:318) ~[filemanager.jar:?]
	at com.st.microxplorer.plugins.filemanager.FileManagerView.getSpecificTask(FileManagerView.java:246) ~[filemanager.jar:?]
	at com.st.stm32cube.common.mx.editor.CubeMxEditor.getMxTabbedPaneInstance(CubeMxEditor.java:1198) ~[com.st.stm32cube.common.mx_6.13.0.202411220809/:?]
	at com.st.stm32cube.common.mx.editor.CubeMxEditor$12$1.createSwingComponent(CubeMxEditor.java:1068) ~[com.st.stm32cube.common.mx_6.13.0.202411220809/:?]
	at com.st.stm32cube.common.mx.oss.core.awtswtbridge.EmbeddedSwingComposite.doComponentCreation(EmbeddedSwingComposite.java:492) ~[com.st.stm32cube.common.mx.oss_6.13.0.202411220809/:?]
	at com.st.stm32cube.common.mx.oss.core.awtswtbridge.EmbeddedSwingComposite$4.run(EmbeddedSwingComposite.java:291) ~[com.st.stm32cube.common.mx.oss_6.13.0.202411220809/:?]
	at com.st.stm32cube.common.mx.oss.core.awtswtbridge.AwtEnvironment$2.run(AwtEnvironment.java:166) ~[com.st.stm32cube.common.mx.oss_6.13.0.202411220809/:?]
	at java.awt.event.InvocationEvent.dispatch(InvocationEvent.java:318) ~[?:?]
	at java.awt.EventQueue.dispatchEventImpl(EventQueue.java:773) ~[?:?]
	at java.awt.EventQueue$4.run(EventQueue.java:720) ~[?:?]
	at java.awt.EventQueue$4.run(EventQueue.java:714) ~[?:?]
	at java.security.AccessController.doPrivileged(AccessController.java:400) ~[?:?]
	at java.security.ProtectionDomain$JavaSecurityAccessImpl.doIntersectionPrivilege(ProtectionDomain.java:87) ~[?:?]
	at java.awt.EventQueue.dispatchEvent(EventQueue.java:742) ~[?:?]
	at java.awt.EventDispatchThread.pumpOneEventForFilters(EventDispatchThread.java:203) ~[?:?]
	at java.awt.EventDispatchThread.pumpEventsForFilter(EventDispatchThread.java:124) ~[?:?]
	at java.awt.EventDispatchThread.pumpEventsForHierarchy(EventDispatchThread.java:113) ~[?:?]
	at java.awt.EventDispatchThread.pumpEvents(EventDispatchThread.java:109) ~[?:?]
	at java.awt.EventDispatchThread.pumpEvents(EventDispatchThread.java:101) ~[?:?]
	at java.awt.EventDispatchThread.run(EventDispatchThread.java:90) ~[?:?]
2025-03-01 08:40:58,855 [WARN] ThirdParty:871 - waiting for thirdparty lock release [close project]
2025-03-01 08:40:58,855 [INFO] ThirdParty:873 - entering critical section [close project]
2025-03-01 08:40:58,856 [INFO] ThirdParty:883 - exiting critical section [close project]
2025-03-01 08:40:58,872 [INFO] PinOutPanel:1589 - setPackage(No Configuration,No Configuration)
2025-03-01 08:40:58,930 [WARN] IpParametersView:154 - Warning: This peripheral hasn't parameters
2025-03-01 08:40:58,955 [WARN] MainPanel:289 - <html><b><center>Warning: This peripheral has no parameters to be configured<br></b></html>
2025-03-01 08:40:58,960 [ERROR] MainPanel:599 - java.lang.IndexOutOfBoundsException: Index: 0, Tab count: 0
2025-03-01 08:40:58,981 [INFO] UtilMem:75 - Begin LoadConfig() Used Memory: 287360944 Bytes (901775360)
2025-03-01 08:40:58,987 [INFO] MicroXplorer:468 - Change Database Path : 
2025-03-01 08:40:58,989 [INFO] MicroXplorer:498 - Change Database Version : DB.6.0.130
2025-03-01 08:40:58,989 [INFO] OpenFileManager:332 - Change cursor
2025-03-01 08:40:59,204 [INFO] RulesReader:64 - Compatibility file has been processed (297 Rules)
2025-03-01 08:40:59,251 [INFO] Mcu:2035 - Initializing MCU STM32F401CCUx STM32F401CCUx STM32F401CCU6
2025-03-01 08:41:02,533 [INFO] Context:748 - Trying to add GPIOservice into a context  which must be forbidden
2025-03-01 08:41:03,586 [INFO] ImportTextPane:218 - (OptionalMessage_ERROR) Unable to find key (Mcu.ThirdPartyNb) in loaded IOC file
2025-03-01 08:41:03,586 [INFO] ImportTextPane:218 - (OptionalMessage_ERROR) Unable to find key (Mcu.PinsNb) in loaded IOC file
2025-03-01 08:41:03,586 [INFO] ImportTextPane:218 - (OptionalMessage_ERROR) Unable to find key (Mcu.IPNb) in loaded IOC file
2025-03-01 08:41:03,664 [INFO] RtosManager:555 - Registered RTOS mode: class=CMSIS, group=RTOS, mode=CMSIS_V1, owner=FREERTOS
2025-03-01 08:41:03,664 [INFO] RtosManager:555 - Registered RTOS mode: class=CMSIS, group=RTOS2, mode=CMSIS_V2, owner=FREERTOS
2025-03-01 08:41:03,664 [INFO] RtosManager:555 - Registered RTOS mode: class=RTOS, group=Core, mode=CMSIS_V1, owner=FREERTOS
2025-03-01 08:41:03,664 [INFO] RtosManager:555 - Registered RTOS mode: class=RTOS, group=Core, mode=CMSIS_V2, owner=FREERTOS
2025-03-01 08:41:03,664 [WARN] ModelIntegratedComponent:184 - Missing modes for component STMicroelectronics:FreeRTOS:0.0.1:STMicroelectronics:RTOS:FreeRTOS:Core:::10.2.0:
2025-03-01 08:41:03,695 [WARN] ModelIntegratedComponent:182 - Modes not found for component STMicroelectronics:USB_HOST:1.0.0:STMicroelectronics:USB::USB Host:Audio HS::1.0:USB_HOST_1_0_RESTRICTED_HS
2025-03-01 08:41:03,695 [WARN] ModelIntegratedComponent:188 - Modes not found for component STMicroelectronics:USB_HOST:1.0.0:STMicroelectronics:USB::USB Host:Audio HS::1.0:USB_HOST_1_0_RESTRICTED_HS
2025-03-01 08:41:03,695 [WARN] ModelIntegratedComponent:182 - Modes not found for component STMicroelectronics:USB_HOST:1.0.0:STMicroelectronics:USB::USB Host:CDC HS::1.0:USB_HOST_1_0_RESTRICTED_HS
2025-03-01 08:41:03,695 [WARN] ModelIntegratedComponent:188 - Modes not found for component STMicroelectronics:USB_HOST:1.0.0:STMicroelectronics:USB::USB Host:CDC HS::1.0:USB_HOST_1_0_RESTRICTED_HS
2025-03-01 08:41:03,695 [WARN] ModelIntegratedComponent:182 - Modes not found for component STMicroelectronics:USB_HOST:1.0.0:STMicroelectronics:USB::USB Host:MSC HS::1.0:USB_HOST_1_0_RESTRICTED_HS
2025-03-01 08:41:03,695 [WARN] ModelIntegratedComponent:188 - Modes not found for component STMicroelectronics:USB_HOST:1.0.0:STMicroelectronics:USB::USB Host:MSC HS::1.0:USB_HOST_1_0_RESTRICTED_HS
2025-03-01 08:41:03,695 [WARN] ModelIntegratedComponent:182 - Modes not found for component STMicroelectronics:USB_HOST:1.0.0:STMicroelectronics:USB::USB Host:HID HS::1.0:USB_HOST_1_0_RESTRICTED_HS
2025-03-01 08:41:03,695 [WARN] ModelIntegratedComponent:188 - Modes not found for component STMicroelectronics:USB_HOST:1.0.0:STMicroelectronics:USB::USB Host:HID HS::1.0:USB_HOST_1_0_RESTRICTED_HS
2025-03-01 08:41:03,695 [WARN] ModelIntegratedComponent:182 - Modes not found for component STMicroelectronics:USB_HOST:1.0.0:STMicroelectronics:USB::USB Host:MTP HS::1.0:USB_HOST_1_0_RESTRICTED_HS
2025-03-01 08:41:03,695 [WARN] ModelIntegratedComponent:188 - Modes not found for component STMicroelectronics:USB_HOST:1.0.0:STMicroelectronics:USB::USB Host:MTP HS::1.0:USB_HOST_1_0_RESTRICTED_HS
2025-03-01 08:41:03,726 [WARN] ModelIntegratedComponent:63 - No mode defined for component null
2025-03-01 08:41:03,726 [WARN] ModelIntegratedComponent:63 - No mode defined for component null
2025-03-01 08:41:03,726 [WARN] ModelIntegratedComponent:63 - No mode defined for component null
2025-03-01 08:41:03,728 [WARN] ModelIntegratedComponent:63 - No mode defined for component null
2025-03-01 08:41:03,728 [WARN] ModelIntegratedComponent:63 - No mode defined for component null
2025-03-01 08:41:03,729 [WARN] ModelIntegratedComponent:63 - No mode defined for component null
2025-03-01 08:41:03,729 [WARN] ModelIntegratedComponent:63 - No mode defined for component null
2025-03-01 08:41:03,729 [WARN] ModelIntegratedComponent:63 - No mode defined for component null
2025-03-01 08:41:03,729 [WARN] ModelIntegratedComponent:63 - No mode defined for component null
2025-03-01 08:41:03,729 [WARN] ModelIntegratedComponent:63 - No mode defined for component null
2025-03-01 08:41:03,730 [WARN] ModelIntegratedComponent:63 - No mode defined for component null
2025-03-01 08:41:03,730 [WARN] ModelIntegratedComponent:63 - No mode defined for component null
2025-03-01 08:41:03,730 [WARN] ModelIntegratedComponent:63 - No mode defined for component null
2025-03-01 08:41:03,730 [WARN] ModelIntegratedComponent:63 - No mode defined for component null
2025-03-01 08:41:03,730 [WARN] ModelIntegratedComponent:63 - No mode defined for component null
2025-03-01 08:41:03,730 [WARN] ModelIntegratedComponent:63 - No mode defined for component null
2025-03-01 08:41:03,730 [WARN] ModelIntegratedComponent:63 - No mode defined for component null
2025-03-01 08:41:03,731 [WARN] ModelIntegratedComponent:63 - No mode defined for component null
2025-03-01 08:41:03,731 [WARN] ModelIntegratedComponent:63 - No mode defined for component null
2025-03-01 08:41:03,731 [WARN] ModelIntegratedComponent:63 - No mode defined for component null
2025-03-01 08:41:03,731 [WARN] ModelIntegratedComponent:63 - No mode defined for component null
2025-03-01 08:41:03,731 [WARN] ModelIntegratedComponent:63 - No mode defined for component null
2025-03-01 08:41:03,732 [WARN] ModelIntegratedComponent:63 - No mode defined for component null
2025-03-01 08:41:03,732 [WARN] ModelIntegratedComponent:63 - No mode defined for component null
2025-03-01 08:41:03,732 [WARN] ModelIntegratedComponent:63 - No mode defined for component null
2025-03-01 08:41:03,732 [WARN] ModelIntegratedComponent:63 - No mode defined for component null
2025-03-01 08:41:03,732 [WARN] ModelIntegratedComponent:63 - No mode defined for component null
2025-03-01 08:41:03,732 [WARN] ModelIntegratedComponent:63 - No mode defined for component null
2025-03-01 08:41:03,733 [WARN] ModelIntegratedComponent:63 - No mode defined for component null
2025-03-01 08:41:03,733 [WARN] ModelIntegratedComponent:63 - No mode defined for component null
2025-03-01 08:41:03,733 [WARN] ModelIntegratedComponent:63 - No mode defined for component null
2025-03-01 08:41:03,733 [WARN] ModelIntegratedComponent:63 - No mode defined for component null
2025-03-01 08:41:03,733 [WARN] ModelIntegratedComponent:63 - No mode defined for component null
2025-03-01 08:41:03,733 [WARN] ModelIntegratedComponent:63 - No mode defined for component null
2025-03-01 08:41:03,733 [WARN] ModelIntegratedComponent:63 - No mode defined for component null
2025-03-01 08:41:03,734 [WARN] ModelPack:524 - Component already loaded: STMicroelectronics:HAL Drivers:0.0.0:STMicroelectronics:Device:STMicro_Driver:XSPI:HAL::0.0.1:HAL_XSPI
2025-03-01 08:41:04,140 [WARN] ModelIntegratedComponent:182 - Modes not found for component STMicroelectronics:USB_DEVICE:1.0.0:STMicroelectronics:USB::USB Device:Audio HS::1.0:USB_DEVICE_1_0_RESTRICTED_HS
2025-03-01 08:41:04,140 [WARN] ModelIntegratedComponent:188 - Modes not found for component STMicroelectronics:USB_DEVICE:1.0.0:STMicroelectronics:USB::USB Device:Audio HS::1.0:USB_DEVICE_1_0_RESTRICTED_HS
2025-03-01 08:41:04,141 [WARN] ModelIntegratedComponent:182 - Modes not found for component STMicroelectronics:USB_DEVICE:1.0.0:STMicroelectronics:USB::USB Device:CDC HS::1.0:USB_DEVICE_1_0_RESTRICTED_HS
2025-03-01 08:41:04,141 [WARN] ModelIntegratedComponent:188 - Modes not found for component STMicroelectronics:USB_DEVICE:1.0.0:STMicroelectronics:USB::USB Device:CDC HS::1.0:USB_DEVICE_1_0_RESTRICTED_HS
2025-03-01 08:41:04,141 [WARN] ModelIntegratedComponent:182 - Modes not found for component STMicroelectronics:USB_DEVICE:1.0.0:STMicroelectronics:USB::USB Device:DFU HS::1.0:USB_DEVICE_1_0_RESTRICTED_HS
2025-03-01 08:41:04,141 [WARN] ModelIntegratedComponent:188 - Modes not found for component STMicroelectronics:USB_DEVICE:1.0.0:STMicroelectronics:USB::USB Device:DFU HS::1.0:USB_DEVICE_1_0_RESTRICTED_HS
2025-03-01 08:41:04,141 [WARN] ModelIntegratedComponent:182 - Modes not found for component STMicroelectronics:USB_DEVICE:1.0.0:STMicroelectronics:USB::USB Device:HID HS::1.0:USB_DEVICE_1_0_RESTRICTED_HS
2025-03-01 08:41:04,141 [WARN] ModelIntegratedComponent:188 - Modes not found for component STMicroelectronics:USB_DEVICE:1.0.0:STMicroelectronics:USB::USB Device:HID HS::1.0:USB_DEVICE_1_0_RESTRICTED_HS
2025-03-01 08:41:04,141 [WARN] ModelIntegratedComponent:182 - Modes not found for component STMicroelectronics:USB_DEVICE:1.0.0:STMicroelectronics:USB::USB Device:Custom HID HS::1.0:USB_DEVICE_1_0_RESTRICTED_HS
2025-03-01 08:41:04,141 [WARN] ModelIntegratedComponent:188 - Modes not found for component STMicroelectronics:USB_DEVICE:1.0.0:STMicroelectronics:USB::USB Device:Custom HID HS::1.0:USB_DEVICE_1_0_RESTRICTED_HS
2025-03-01 08:41:04,141 [WARN] ModelIntegratedComponent:182 - Modes not found for component STMicroelectronics:USB_DEVICE:1.0.0:STMicroelectronics:USB::USB Device:MSC HS::1.0:USB_DEVICE_1_0_RESTRICTED_HS
2025-03-01 08:41:04,141 [WARN] ModelIntegratedComponent:188 - Modes not found for component STMicroelectronics:USB_DEVICE:1.0.0:STMicroelectronics:USB::USB Device:MSC HS::1.0:USB_DEVICE_1_0_RESTRICTED_HS
2025-03-01 08:41:04,173 [INFO] ThirdPartyModel:298 - Start build external matchings
2025-03-01 08:41:05,539 [INFO] ThirdPartyModel:316 - End build external matchings
2025-03-01 08:41:06,128 [INFO] UtilMem:75 - End LoadConfig() Used Memory: 714448160 Bytes (901775360)
2025-03-01 08:41:06,188 [WARN] ThirdParty:833 - waiting for thirdparty lock release [change project]
2025-03-01 08:41:06,188 [INFO] ThirdParty:835 - entering critical section [change project]
2025-03-01 08:41:06,188 [INFO] ThirdParty:1030 - CMSIS Pack Vendor :STMicroelectronics USBPD 4.1
2025-03-01 08:41:06,188 [INFO] ThirdParty:1030 - CMSIS Pack Vendor :STMicroelectronics X-CUBE-AZRTOS-H7 3.3.0
2025-03-01 08:41:06,203 [INFO] ThirdParty:1030 - CMSIS Pack Vendor :STMicroelectronics X-CUBE-NFC9 1.0.0
2025-03-01 08:41:06,203 [INFO] ThirdParty:1030 - CMSIS Pack Vendor :STMicroelectronics USB_HOST 2.0.0
2025-03-01 08:41:06,203 [INFO] ThirdParty:1030 - CMSIS Pack Vendor :STMicroelectronics FP-SNS-MOTENVWB1 1.4.0
2025-03-01 08:41:06,203 [INFO] ThirdParty:1030 - CMSIS Pack Vendor :STMicroelectronics X-CUBE-AZRTOS-F4 1.1.0
2025-03-01 08:41:06,203 [INFO] ThirdParty:1030 - CMSIS Pack Vendor :STMicroelectronics LIBJPEG 8.0.0
2025-03-01 08:41:06,203 [INFO] ThirdParty:1030 - CMSIS Pack Vendor :STMicroelectronics FP-ATR-ASTRA1 2.0.1
2025-03-01 08:41:06,203 [INFO] ThirdParty:1030 - CMSIS Pack Vendor :STMicroelectronics X-CUBE-SMBUS 2.1.0
2025-03-01 08:41:06,203 [INFO] ThirdParty:1030 - CMSIS Pack Vendor :STMicroelectronics X-CUBE-WB05N 1.1.0
2025-03-01 08:41:06,203 [INFO] ThirdParty:1030 - CMSIS Pack Vendor :STMicroelectronics USB_DEVICE 3.0.0
2025-03-01 08:41:06,203 [INFO] ThirdParty:1030 - CMSIS Pack Vendor :STMicroelectronics X-CUBE-ISPU 2.1.0
2025-03-01 08:41:06,203 [INFO] ThirdParty:1030 - CMSIS Pack Vendor :STMicroelectronics X-CUBE-AZRTOS-WB 2.0.0
2025-03-01 08:41:06,203 [INFO] ThirdParty:1030 - CMSIS Pack Vendor :STMicroelectronics X-CUBE-GNSS1 7.0.1
2025-03-01 08:41:06,203 [INFO] ThirdParty:1030 - CMSIS Pack Vendor :STMicroelectronics X-CUBE-AZRTOS-F7 1.1.0
2025-03-01 08:41:06,203 [INFO] ThirdParty:1030 - CMSIS Pack Vendor :STMicroelectronics X-CUBE-AZRTOS-L5 2.0.0
2025-03-01 08:41:06,203 [INFO] ThirdParty:1030 - CMSIS Pack Vendor :STMicroelectronics USB_DEVICE 2.0.0
2025-03-01 08:41:06,203 [INFO] ThirdParty:1030 - CMSIS Pack Vendor :STMicroelectronics X-CUBE-NFC6 3.1.0
2025-03-01 08:41:06,203 [INFO] ThirdParty:1030 - CMSIS Pack Vendor :STMicroelectronics FP-SNS-STBOX1 2.0.0
2025-03-01 08:41:06,203 [INFO] ThirdParty:1030 - CMSIS Pack Vendor :STMicroelectronics FreeRTOS 0.0.1
2025-03-01 08:41:06,203 [INFO] ThirdParty:1030 - CMSIS Pack Vendor :STMicroelectronics X-CUBE-AZRTOS-G0 1.1.0
2025-03-01 08:41:06,203 [INFO] ThirdParty:1030 - CMSIS Pack Vendor :STMicroelectronics X-CUBE-SAFEA1 1.2.2
2025-03-01 08:41:06,203 [INFO] ThirdParty:1030 - CMSIS Pack Vendor :STMicroelectronics X-CUBE-NFC4 3.0.0
2025-03-01 08:41:06,203 [INFO] ThirdParty:1030 - CMSIS Pack Vendor :STMicroelectronics X-CUBE-DPower 1.2.0
2025-03-01 08:41:06,203 [INFO] ThirdParty:1030 - CMSIS Pack Vendor :STMicroelectronics X-CUBE-SUBG2 5.0.0
2025-03-01 08:41:06,203 [INFO] ThirdParty:1030 - CMSIS Pack Vendor :STMicroelectronics STM32_WPAN 1.0.0
2025-03-01 08:41:06,203 [INFO] ThirdParty:1030 - CMSIS Pack Vendor :EmbeddedOffice I-CUBE-FS-RTOS 1.0.1
2025-03-01 08:41:06,203 [INFO] ThirdParty:1030 - CMSIS Pack Vendor :STMicroelectronics lwIP 2.0.3
2025-03-01 08:41:06,203 [INFO] ThirdParty:1030 - CMSIS Pack Vendor :STMicroelectronics FP-SNS-FLIGHT1 5.0.2
2025-03-01 08:41:06,203 [INFO] ThirdParty:1030 - CMSIS Pack Vendor :Cesanta I-CUBE-Mongoose 7.13.0
2025-03-01 08:41:06,203 [INFO] ThirdParty:1030 - CMSIS Pack Vendor :STMicroelectronics USB_HOST 1.0.0
2025-03-01 08:41:06,203 [INFO] ThirdParty:1030 - CMSIS Pack Vendor :Infineon AIROC-Wi-Fi-Bluetooth-STM32 1.7.0
2025-03-01 08:41:06,203 [INFO] ThirdParty:1030 - CMSIS Pack Vendor :STMicroelectronics X-CUBE-AZRTOS-G4 2.0.0
2025-03-01 08:41:06,203 [INFO] ThirdParty:1030 - CMSIS Pack Vendor :STMicroelectronics PDM2PCM 3.1.0
2025-03-01 08:41:06,203 [INFO] ThirdParty:1030 - CMSIS Pack Vendor :STMicroelectronics PDM2PCM 3.3.0
2025-03-01 08:41:06,203 [INFO] ThirdParty:1030 - CMSIS Pack Vendor :STMicroelectronics X-CUBE-DISPLAY 3.0.0
2025-03-01 08:41:06,203 [INFO] ThirdParty:1030 - CMSIS Pack Vendor :STMicroelectronics X-CUBE-TCPP 4.2.0
2025-03-01 08:41:06,203 [INFO] ThirdParty:1030 - CMSIS Pack Vendor :RealThread X-CUBE-RT-Thread_Nano 4.1.1
2025-03-01 08:41:06,203 [INFO] ThirdParty:1030 - CMSIS Pack Vendor :STMicroelectronics X-CUBE-BLE1 7.0.0
2025-03-01 08:41:06,203 [INFO] ThirdParty:1030 - CMSIS Pack Vendor :STMicroelectronics FP-ATR-SIGFOX1 3.2.0
2025-03-01 08:41:06,203 [INFO] ThirdParty:1030 - CMSIS Pack Vendor :STMicroelectronics X-CUBE-NFC10 1.0.0
2025-03-01 08:41:06,203 [INFO] ThirdParty:1030 - CMSIS Pack Vendor :quantropi X-CUBE-qispace-sdk-base 1.9.3
2025-03-01 08:41:06,203 [INFO] ThirdParty:1030 - CMSIS Pack Vendor :STMicroelectronics X-CUBE-BLEMGR 4.0.0
2025-03-01 08:41:06,203 [INFO] ThirdParty:1030 - CMSIS Pack Vendor :STMicroelectronics X-CUBE-EEPRMA1 5.1.0
2025-03-01 08:41:06,203 [INFO] ThirdParty:1030 - CMSIS Pack Vendor :STMicroelectronics HAL Drivers 0.0.0
2025-03-01 08:41:06,203 [INFO] ThirdParty:1030 - CMSIS Pack Vendor :STMicroelectronics MBEDTLS 2.16.2
2025-03-01 08:41:06,203 [INFO] ThirdParty:1030 - CMSIS Pack Vendor :STMicroelectronics X-CUBE-IPS 3.1.0
2025-03-01 08:41:06,203 [INFO] ThirdParty:1030 - CMSIS Pack Vendor :STMicroelectronics X-CUBE-ALS 1.0.2
2025-03-01 08:41:06,203 [INFO] ThirdParty:1030 - CMSIS Pack Vendor :emotas I-CUBE-CANOPEN 1.3.0
2025-03-01 08:41:06,203 [INFO] ThirdParty:1030 - CMSIS Pack Vendor :STMicroelectronics X-CUBE-FREERTOS 1.3.0
2025-03-01 08:41:06,203 [INFO] ThirdParty:1030 - CMSIS Pack Vendor :STMicroelectronics X-CUBE-NFC7 1.0.1
2025-03-01 08:41:06,203 [INFO] ThirdParty:1030 - CMSIS Pack Vendor :STMicroelectronics MBEDTLS 2.14.1
2025-03-01 08:41:06,203 [INFO] ThirdParty:1030 - CMSIS Pack Vendor :wolfSSL I-CUBE-wolfSSL 5.7.6
2025-03-01 08:41:06,203 [INFO] ThirdParty:1030 - CMSIS Pack Vendor :ITTIA_DB I-CUBE-ITTIADB 8.9.0
2025-03-01 08:41:06,203 [INFO] ThirdParty:1030 - CMSIS Pack Vendor :STMicroelectronics X-CUBE-TOUCHGFX 4.24.2
2025-03-01 08:41:06,203 [INFO] ThirdParty:1030 - CMSIS Pack Vendor :wolfSSL I-CUBE-wolfTPM 3.4.0
2025-03-01 08:41:06,203 [INFO] ThirdParty:1030 - CMSIS Pack Vendor :portGmbH I-Cube-SoM-uGOAL 1.1.0
2025-03-01 08:41:06,203 [INFO] ThirdParty:1030 - CMSIS Pack Vendor :STMicroelectronics X-CUBE-AI 10.0.0
2025-03-01 08:41:06,203 [INFO] ThirdParty:1030 - CMSIS Pack Vendor :STMicroelectronics ThreadX 1.0.0
2025-03-01 08:41:06,203 [INFO] ThirdParty:1030 - CMSIS Pack Vendor :STMicroelectronics FP-SNS-SMARTAG2 1.2.0
2025-03-01 08:41:06,203 [INFO] ThirdParty:1030 - CMSIS Pack Vendor :STMicroelectronics X-CUBE-MEMS1 11.1.0
2025-03-01 08:41:06,203 [INFO] ThirdParty:1030 - CMSIS Pack Vendor :STMicroelectronics X-CUBE-AZRTOS-WL 2.0.0
2025-03-01 08:41:06,203 [INFO] ThirdParty:1030 - CMSIS Pack Vendor :SEGGER I-CUBE-embOS 1.3.1
2025-03-01 08:41:06,203 [INFO] ThirdParty:1030 - CMSIS Pack Vendor :STMicroelectronics X-CUBE-ALGOBUILD 1.4.0
2025-03-01 08:41:06,203 [INFO] ThirdParty:1030 - CMSIS Pack Vendor :STMicroelectronics FP-SNS-MOTENV1 5.0.0
2025-03-01 08:41:06,203 [INFO] ThirdParty:1030 - CMSIS Pack Vendor :STMicroelectronics USB_DEVICE 1.0.0
2025-03-01 08:41:06,203 [INFO] ThirdParty:1030 - CMSIS Pack Vendor :STMicroelectronics X-CUBE-AZRTOS-H7RS 1.0.0
2025-03-01 08:41:06,203 [INFO] ThirdParty:1030 - CMSIS Pack Vendor :wolfSSL I-CUBE-wolfMQTT 1.19.0
2025-03-01 08:41:06,203 [INFO] ThirdParty:1030 - CMSIS Pack Vendor :STMicroelectronics X-CUBE-AZRTOS-L4 2.0.0
2025-03-01 08:41:06,203 [INFO] ThirdParty:1030 - CMSIS Pack Vendor :STMicroelectronics ThreadX 0.0.2
2025-03-01 08:41:06,203 [INFO] ThirdParty:1030 - CMSIS Pack Vendor :WES I-CUBE-Cesium 1.3.0
2025-03-01 08:41:06,203 [INFO] ThirdParty:1030 - CMSIS Pack Vendor :STMicroelectronics lwIP 2.1.2
2025-03-01 08:41:06,203 [INFO] ThirdParty:1030 - CMSIS Pack Vendor :STMicroelectronics X-CUBE-SFXS2LP1 4.0.0
2025-03-01 08:41:06,203 [INFO] ThirdParty:1030 - CMSIS Pack Vendor :STMicroelectronics X-CUBE-BLE2 3.3.0
2025-03-01 08:41:06,203 [INFO] ThirdParty:1030 - CMSIS Pack Vendor :STMicroelectronics X-CUBE-TOF1 3.4.2
2025-03-01 08:41:06,203 [INFO] ThirdParty:1030 - CMSIS Pack Vendor :STMicroelectronics PDM2PCM 3.2.0
2025-03-01 08:41:06,203 [INFO] ThirdParty:1030 - CMSIS Pack Vendor :wolfSSL I-CUBE-wolfSSH 1.4.17
2025-03-01 08:41:06,203 [INFO] ThirdParty:841 - exiting critical section [change project]
2025-03-01 08:41:06,814 [INFO] PinOutPanel:1589 - setPackage(No Configuration,No Configuration)
2025-03-01 08:41:06,829 [INFO] PinOutPanel:1589 - setPackage(STM32F401CCUx,UFQFPN48)
2025-03-01 08:41:07,985 [INFO] UtilMem:75 - Before build in PCC Used Memory: 309170880 Bytes (901775360)
2025-03-01 08:41:08,616 [INFO] UtilMem:75 - After build in PCC Used Memory: 354259648 Bytes (901775360)
2025-03-01 08:41:08,677 [INFO] IPUIPlugin:80 - create IPUIPlugin
2025-03-01 08:41:08,679 [INFO] IPUIPlugin:80 - create IPUIPlugin
2025-03-01 08:41:08,679 [INFO] IPUIPlugin:80 - create IPUIPlugin
2025-03-01 08:41:08,680 [INFO] IPUIPlugin:80 - create IPUIPlugin
2025-03-01 08:41:08,680 [INFO] IPUIPlugin:80 - create IPUIPlugin
2025-03-01 08:41:08,681 [INFO] IPUIPlugin:80 - create IPUIPlugin
2025-03-01 08:41:08,681 [INFO] IPUIPlugin:80 - create IPUIPlugin
2025-03-01 08:41:08,682 [INFO] IPUIPlugin:80 - create IPUIPlugin
2025-03-01 08:41:08,682 [INFO] IPUIPlugin:80 - create IPUIPlugin
2025-03-01 08:41:08,682 [INFO] IPUIPlugin:80 - create IPUIPlugin
2025-03-01 08:41:08,682 [INFO] IPUIPlugin:80 - create IPUIPlugin
2025-03-01 08:41:08,683 [INFO] IPUIPlugin:80 - create IPUIPlugin
2025-03-01 08:41:08,683 [INFO] IPUIPlugin:80 - create IPUIPlugin
2025-03-01 08:41:08,684 [INFO] IPUIPlugin:80 - create IPUIPlugin
2025-03-01 08:41:08,684 [INFO] IPUIPlugin:80 - create IPUIPlugin
2025-03-01 08:41:08,684 [INFO] IPUIPlugin:80 - create IPUIPlugin
2025-03-01 08:41:08,685 [INFO] IPUIPlugin:80 - create IPUIPlugin
2025-03-01 08:41:08,685 [INFO] IPUIPlugin:80 - create IPUIPlugin
2025-03-01 08:41:08,686 [INFO] IPUIPlugin:80 - create IPUIPlugin
2025-03-01 08:41:08,686 [INFO] IPUIPlugin:80 - create IPUIPlugin
2025-03-01 08:41:08,687 [INFO] IPUIPlugin:80 - create IPUIPlugin
2025-03-01 08:41:08,687 [INFO] IPUIPlugin:80 - create IPUIPlugin
2025-03-01 08:41:08,688 [INFO] IPUIPlugin:80 - create IPUIPlugin
2025-03-01 08:41:08,688 [INFO] IPUIPlugin:80 - create IPUIPlugin
2025-03-01 08:41:08,689 [INFO] IPUIPlugin:80 - create IPUIPlugin
2025-03-01 08:41:08,689 [INFO] IPUIPlugin:80 - create IPUIPlugin
2025-03-01 08:41:08,690 [INFO] IPUIPlugin:80 - create IPUIPlugin
2025-03-01 08:41:08,690 [INFO] IPUIPlugin:80 - create IPUIPlugin
2025-03-01 08:41:08,691 [INFO] IPUIPlugin:80 - create IPUIPlugin
2025-03-01 08:41:08,691 [INFO] IPUIPlugin:80 - create IPUIPlugin
2025-03-01 08:41:08,692 [INFO] IPUIPlugin:80 - create IPUIPlugin
2025-03-01 08:41:08,692 [INFO] IPUIPlugin:80 - create IPUIPlugin
2025-03-01 08:41:08,692 [INFO] IPUIPlugin:80 - create IPUIPlugin
2025-03-01 08:41:08,693 [INFO] IPUIPlugin:80 - create IPUIPlugin
2025-03-01 08:41:08,694 [INFO] IPUIPlugin:80 - create IPUIPlugin
2025-03-01 08:41:08,694 [INFO] IPUIPlugin:80 - create IPUIPlugin
2025-03-01 08:41:08,695 [INFO] IPUIPlugin:80 - create IPUIPlugin
2025-03-01 08:41:08,733 [INFO] ApiDbMcu:508 - Load IP Config File for PDM2PCM
2025-03-01 08:41:08,873 [INFO] CADModel:165 - CPN selected for project levelSTM32F401CCU6
2025-03-01 08:41:08,873 [INFO] CADModel:114 - Register for checkConnection events
2025-03-01 08:41:08,944 [INFO] OpenFileManager:363 - Restore cursor
2025-03-01 08:41:09,660 [INFO] UtilMem:75 - End SaveConfig() Used Memory: 422939328 Bytes (901775360)
2025-03-01 08:41:09,900 [INFO] UtilMem:75 - End SaveConfig() Used Memory: 438667968 Bytes (901775360)
2025-03-01 08:41:11,048 [INFO] BlockDiagram:2766 - set Specific Code input for plugin: NVIC
2025-03-01 08:41:11,048 [INFO] BlockDiagram:2766 - set Specific Code input for plugin: RCC
2025-03-01 08:41:11,050 [INFO] CodeGenerator:896 - code generatio: config db path: C:\ST\STM32CubeIDE_1.17.0\STM32CubeIDE\plugins\com.st.stm32cube.common.mx_6.13.0.202411220809\\db\
2025-03-01 08:41:11,380 [INFO] CodeEngine:255 - oldGeneratedFile, C:\Users\yunusyosaf\Documents\STM32Workspace\RTC\MXTmpFiles\license.tmp_save
2025-03-01 08:41:11,956 [INFO] CodeEngine:279 - Generated code: C:\Users\yunusyosaf\Documents\STM32Workspace\RTC\MXTmpFiles\license.tmp
2025-03-01 08:41:12,004 [INFO] CodeEngine:255 - oldGeneratedFile, C:\Users\yunusyosaf\Documents\STM32Workspace\RTC\Core\Src\stm32f4xx_it.c_save
2025-03-01 08:41:12,896 [INFO] CodeEngine:279 - Generated code: C:\Users\yunusyosaf\Documents\STM32Workspace\RTC\Core\Src\stm32f4xx_it.c
2025-03-01 08:41:12,957 [INFO] CodeEngine:255 - oldGeneratedFile, C:\Users\yunusyosaf\Documents\STM32Workspace\RTC\Core\Inc\stm32f4xx_it.h_save
2025-03-01 08:41:13,245 [INFO] CodeEngine:279 - Generated code: C:\Users\yunusyosaf\Documents\STM32Workspace\RTC\Core\Inc\stm32f4xx_it.h
2025-03-01 08:41:13,471 [INFO] CodeEngine:255 - oldGeneratedFile, C:\Users\yunusyosaf\Documents\STM32Workspace\RTC\Core\Src\stm32f4xx_hal_msp.c_save
2025-03-01 08:41:13,880 [INFO] CodeEngine:279 - Generated code: C:\Users\yunusyosaf\Documents\STM32Workspace\RTC\Core\Src\stm32f4xx_hal_msp.c
2025-03-01 08:41:13,928 [INFO] CodeEngine:255 - oldGeneratedFile, C:\Users\yunusyosaf\Documents\STM32Workspace\RTC\MXTmpFiles\system.tmp_save
2025-03-01 08:41:14,210 [INFO] CodeEngine:279 - Generated code: C:\Users\yunusyosaf\Documents\STM32Workspace\RTC\MXTmpFiles\system.tmp
2025-03-01 08:41:14,263 [INFO] CodeEngine:311 - oldGeneratedFile, C:\Users\yunusyosaf\Documents\STM32Workspace\RTC\Core\Inc\stm32f4xx_hal_conf.h_save
2025-03-01 08:41:14,603 [INFO] CodeEngine:335 - Generated code: C:\Users\yunusyosaf\Documents\STM32Workspace\RTC\Core\Inc\stm32f4xx_hal_conf.h
2025-03-01 08:41:14,719 [INFO] ApiDbMcu:508 - Load IP Config File for RCC
2025-03-01 08:41:14,762 [INFO] CodeEngine:255 - oldGeneratedFile, C:\Users\yunusyosaf\Documents\STM32Workspace\RTC\Core\Inc\main.h_save
2025-03-01 08:41:14,820 [ERROR] ConfigurationRetriever:142 - IOException on connection: Connect timed out
2025-03-01 08:41:15,079 [INFO] CodeEngine:279 - Generated code: C:\Users\yunusyosaf\Documents\STM32Workspace\RTC\Core\Inc\main.h
2025-03-01 08:41:15,128 [INFO] CodeEngine:255 - oldGeneratedFile, C:\Users\yunusyosaf\Documents\STM32Workspace\RTC\Core\Src\main.c_save
2025-03-01 08:41:15,484 [INFO] CodeEngine:279 - Generated code: C:\Users\yunusyosaf\Documents\STM32Workspace\RTC\Core\Src\main.c
2025-03-01 08:41:16,249 [INFO] ProjectBuilder:3289 - Time for Copy HAL[1] : 353mS.
2025-03-01 08:41:16,263 [INFO] ProjectBuilder:4876 - Project Generator version: 4.5.0-RC5
2025-03-01 08:41:16,496 [INFO] ConfigFileManager:1579 - The Die is : DIE423
2025-03-01 08:41:16,522 [INFO] ApiDbMcu:508 - Load IP Config File for FATFS
2025-03-01 08:41:16,551 [INFO] ApiDbMcu:508 - Load IP Config File for FREERTOS
2025-03-01 08:41:16,578 [INFO] ApiDbMcu:508 - Load IP Config File for LIBJPEG
2025-03-01 08:41:16,613 [INFO] ApiDbMcu:508 - Load IP Config File for MBEDTLS
2025-03-01 08:41:16,709 [INFO] ApiDbMcu:508 - Load IP Config File for USB_DEVICE
2025-03-01 08:41:16,753 [INFO] ApiDbMcu:508 - Load IP Config File for USB_HOST
2025-03-01 08:41:19,822 [ERROR] ConfigurationRetriever:142 - IOException on connection: Connect timed out
2025-03-01 08:41:23,181 [INFO] ProjectBuilder:5154 - Time for Generating toolchain IDE Files: 6919mS.
2025-03-01 08:41:23,182 [INFO] ProjectBuilder:3146 - Time for Copy CMSIS : 1mS.
2025-03-01 08:41:23,186 [INFO] ProjectBuilder:3146 - Time for Copy CMSIS : 0mS.
2025-03-01 08:41:24,824 [ERROR] ConfigurationRetriever:142 - IOException on connection: Connect timed out
